[2025-11-13 06:20:44] INFO: Starting system health check
[2025-11-13 06:20:44] OK: CPU 5% (threshold 80%)
[2025-11-13 06:20:44] OK: Mem 30% (threshold 80%)
[2025-11-13 06:20:44] OK: Disk / 47% (threshold 90%)
[2025-11-13 06:20:44] OK: Disk /dev 0% (threshold 90%)
[2025-11-13 06:20:44] OK: Disk /dev/shm 0% (threshold 90%)
[2025-11-13 06:20:44] OK: Disk /vscode 73% (threshold 90%)
[2025-11-13 06:20:44] OK: Disk /tmp 6% (threshold 90%)
[2025-11-13 06:20:44] OK: Disk /workspaces 47% (threshold 90%)
[2025-11-13 06:20:44] OK: Process sshd is running
[2025-11-13 06:20:44] OK: Process nginx is running
[2025-11-13 06:20:44] ALERT: Process docker is NOT running
[2025-11-13 06:20:44] INFO: Completed system health check
[2025-11-13 06:22:07] INFO: Starting system health check
[2025-11-13 06:22:08] OK: CPU 0% (threshold 80%)
[2025-11-13 06:22:08] OK: Mem 30% (threshold 80%)
[2025-11-13 06:22:08] OK: Disk / 47% (threshold 90%)
[2025-11-13 06:22:08] OK: Disk /dev 0% (threshold 90%)
[2025-11-13 06:22:08] OK: Disk /dev/shm 0% (threshold 90%)
[2025-11-13 06:22:08] OK: Disk /vscode 73% (threshold 90%)
[2025-11-13 06:22:08] OK: Disk /tmp 6% (threshold 90%)
[2025-11-13 06:22:08] OK: Disk /workspaces 47% (threshold 90%)
[2025-11-13 06:22:08] INFO: Completed system health check
[2025-11-13 06:23:29] INFO: Starting system health check
[2025-11-13 06:23:29] OK: CPU 4% (threshold 80%)
[2025-11-13 06:23:29] OK: Mem 30% (threshold 80%)
[2025-11-13 06:23:29] OK: Disk / 47% (threshold 90%)
[2025-11-13 06:23:29] OK: Disk /dev 0% (threshold 90%)
[2025-11-13 06:23:29] OK: Disk /dev/shm 0% (threshold 90%)
[2025-11-13 06:23:29] OK: Disk /vscode 73% (threshold 90%)
[2025-11-13 06:23:29] OK: Disk /tmp 6% (threshold 90%)
[2025-11-13 06:23:29] OK: Disk /workspaces 47% (threshold 90%)
[2025-11-13 06:23:29] INFO: Completed system health check
[2025-11-13 06:24:29] INFO: Starting system health check
[2025-11-13 06:24:30] OK: CPU 14% (threshold 80%)
[2025-11-13 06:24:30] OK: Mem 31% (threshold 80%)
[2025-11-13 06:24:30] OK: Disk / 47% (threshold 90%)
[2025-11-13 06:24:30] OK: Disk /dev 0% (threshold 90%)
[2025-11-13 06:24:30] OK: Disk /dev/shm 0% (threshold 90%)
[2025-11-13 06:24:30] OK: Disk /vscode 74% (threshold 90%)
[2025-11-13 06:24:30] OK: Disk /tmp 6% (threshold 90%)
[2025-11-13 06:24:30] OK: Disk /workspaces 47% (threshold 90%)
[2025-11-13 06:24:30] INFO: Completed system health check
[2025-11-13 06:25:30] INFO: Starting system health check
[2025-11-13 06:25:30] OK: CPU 10% (threshold 80%)
[2025-11-13 06:25:30] OK: Mem 31% (threshold 80%)
[2025-11-13 06:25:30] OK: Disk / 47% (threshold 90%)
[2025-11-13 06:25:30] OK: Disk /dev 0% (threshold 90%)
[2025-11-13 06:25:30] OK: Disk /dev/shm 0% (threshold 90%)
[2025-11-13 06:25:30] OK: Disk /vscode 74% (threshold 90%)
[2025-11-13 06:25:30] OK: Disk /tmp 6% (threshold 90%)
[2025-11-13 06:25:30] OK: Disk /workspaces 47% (threshold 90%)
[2025-11-13 06:25:30] INFO: Completed system health check
[2025-11-13 06:26:30] INFO: Starting system health check
[2025-11-13 06:26:30] OK: CPU 9% (threshold 80%)
[2025-11-13 06:26:30] OK: Mem 31% (threshold 80%)
[2025-11-13 06:26:31] OK: Disk / 47% (threshold 90%)
[2025-11-13 06:26:31] OK: Disk /dev 0% (threshold 90%)
[2025-11-13 06:26:31] OK: Disk /dev/shm 0% (threshold 90%)
[2025-11-13 06:26:31] OK: Disk /vscode 74% (threshold 90%)
[2025-11-13 06:26:31] OK: Disk /tmp 6% (threshold 90%)
[2025-11-13 06:26:31] OK: Disk /workspaces 47% (threshold 90%)
[2025-11-13 06:26:31] INFO: Completed system health check
[2025-11-13 06:27:31] INFO: Starting system health check
[2025-11-13 06:27:31] OK: CPU 4% (threshold 80%)
[2025-11-13 06:27:31] OK: Mem 31% (threshold 80%)
[2025-11-13 06:27:31] OK: Disk / 47% (threshold 90%)
[2025-11-13 06:27:31] OK: Disk /dev 0% (threshold 90%)
[2025-11-13 06:27:31] OK: Disk /dev/shm 0% (threshold 90%)
[2025-11-13 06:27:31] OK: Disk /vscode 74% (threshold 90%)
[2025-11-13 06:27:31] OK: Disk /tmp 6% (threshold 90%)
[2025-11-13 06:27:31] OK: Disk /workspaces 47% (threshold 90%)
[2025-11-13 06:27:31] INFO: Completed system health check
[2025-11-13 06:28:31] INFO: Starting system health check
[2025-11-13 06:28:31] OK: CPU 9% (threshold 80%)
[2025-11-13 06:28:31] OK: Mem 31% (threshold 80%)
[2025-11-13 06:28:31] OK: Disk / 47% (threshold 90%)
[2025-11-13 06:28:31] OK: Disk /dev 0% (threshold 90%)
[2025-11-13 06:28:31] OK: Disk /dev/shm 0% (threshold 90%)
[2025-11-13 06:28:31] OK: Disk /vscode 74% (threshold 90%)
[2025-11-13 06:28:31] OK: Disk /tmp 6% (threshold 90%)
[2025-11-13 06:28:31] OK: Disk /workspaces 47% (threshold 90%)
[2025-11-13 06:28:31] INFO: Completed system health check
[2025-11-13 06:29:31] INFO: Starting system health check
[2025-11-13 06:29:32] OK: CPU 25% (threshold 80%)
[2025-11-13 06:29:32] OK: Mem 32% (threshold 80%)
[2025-11-13 06:29:32] OK: Disk / 47% (threshold 90%)
[2025-11-13 06:29:32] OK: Disk /dev 0% (threshold 90%)
[2025-11-13 06:29:32] OK: Disk /dev/shm 0% (threshold 90%)
[2025-11-13 06:29:32] OK: Disk /vscode 74% (threshold 90%)
[2025-11-13 06:29:32] OK: Disk /tmp 6% (threshold 90%)
[2025-11-13 06:29:32] OK: Disk /workspaces 47% (threshold 90%)
[2025-11-13 06:29:32] INFO: Completed system health check
[2025-11-13 06:30:32] INFO: Starting system health check
[2025-11-13 06:30:32] OK: CPU 9% (threshold 80%)
[2025-11-13 06:30:32] OK: Mem 32% (threshold 80%)
[2025-11-13 06:30:32] OK: Disk / 47% (threshold 90%)
[2025-11-13 06:30:32] OK: Disk /dev 0% (threshold 90%)
[2025-11-13 06:30:32] OK: Disk /dev/shm 0% (threshold 90%)
[2025-11-13 06:30:32] OK: Disk /vscode 74% (threshold 90%)
[2025-11-13 06:30:32] OK: Disk /tmp 6% (threshold 90%)
[2025-11-13 06:30:32] OK: Disk /workspaces 47% (threshold 90%)
[2025-11-13 06:30:32] INFO: Completed system health check
[2025-11-13 06:31:32] INFO: Starting system health check
[2025-11-13 06:31:33] OK: CPU 10% (threshold 80%)
[2025-11-13 06:31:33] OK: Mem 31% (threshold 80%)
[2025-11-13 06:31:33] OK: Disk / 47% (threshold 90%)
[2025-11-13 06:31:33] OK: Disk /dev 0% (threshold 90%)
[2025-11-13 06:31:33] OK: Disk /dev/shm 0% (threshold 90%)
[2025-11-13 06:31:33] OK: Disk /vscode 74% (threshold 90%)
[2025-11-13 06:31:33] OK: Disk /tmp 6% (threshold 90%)
[2025-11-13 06:31:33] OK: Disk /workspaces 47% (threshold 90%)
[2025-11-13 06:31:33] INFO: Completed system health check
